<?xml version="1.0" encoding="UTF-8"?>
<!-- Generated by org.testng.reporters.JUnitXMLReporter -->
<testsuite ignored="4" hostname="inbl01lap04326" failures="0" tests="0" time="0.008" errors="0" timestamp="2021-06-10T20:19:38 IST">
  <testcase classname="com.learn.tests.SauceTest" name="test5" time="0.0">
    <ignored/>
  </testcase> <!-- test5 -->
  <testcase classname="com.learn.tests.SauceTest" name="test4" time="0.0">
    <ignored/>
  </testcase> <!-- test4 -->
  <testcase classname="com.learn.tests.SauceTest" name="test3" time="0.0">
    <ignored/>
  </testcase> <!-- test3 -->
  <testcase classname="com.learn.tests.SauceTest" name="loginLogoutSaucePortal" time="0.0">
    <ignored/>
  </testcase> <!-- loginLogoutSaucePortal -->
</testsuite>
