<?xml version="1.0" encoding="UTF-8"?>
<!-- Generated by org.testng.reporters.JUnitXMLReporter -->
<testsuite hostname="inbl01lap04326" ignored="2" name="Test" tests="2" failures="0" timestamp="2021-06-10T20:22:52 IST" time="29.448" errors="0">
  <testcase name="test3" time="2.492" classname="com.learn.tests.SauceTest"/>
  <testcase name="test4" time="0.003" classname="com.learn.tests.SauceTest"/>
  <testcase name="test5" time="0.0" classname="com.learn.tests.SauceTest">
    <ignored/>
  </testcase> <!-- test5 -->
  <testcase name="loginLogoutSaucePortal" time="0.0" classname="com.learn.tests.SauceTest">
    <ignored/>
  </testcase> <!-- loginLogoutSaucePortal -->
</testsuite> <!-- Test -->
