<?xml version="1.0" encoding="UTF-8"?>
<testng-results ignored="0" total="6" passed="5" failed="1" skipped="0">
  <reporter-output>
  </reporter-output>
  <suite started-at="2021-06-11T11:41:13 IST" name="Suite" finished-at="2021-06-11T11:41:56 IST" duration-ms="42866">
    <groups>
      <group name="reg">
        <method signature="SauceTest.loginLogoutSaucePortal(java.lang.String, java.lang.String)[pri:0, instance:com.learn.tests.SauceTest@19d481b]" name="loginLogoutSaucePortal" class="com.learn.tests.SauceTest"/>
        <method signature="SauceTest.test5()[pri:0, instance:com.learn.tests.SauceTest@19d481b]" name="test5" class="com.learn.tests.SauceTest"/>
      </group> <!-- reg -->
      <group name="smoke">
        <method signature="SauceTest.test3()[pri:0, instance:com.learn.tests.SauceTest@19d481b]" name="test3" class="com.learn.tests.SauceTest"/>
        <method signature="SauceTest.test4()[pri:0, instance:com.learn.tests.SauceTest@19d481b]" name="test4" class="com.learn.tests.SauceTest"/>
      </group> <!-- smoke -->
      <group name="sanity">
        <method signature="SauceTest.loginLogoutSaucePortal(java.lang.String, java.lang.String)[pri:0, instance:com.learn.tests.SauceTest@19d481b]" name="loginLogoutSaucePortal" class="com.learn.tests.SauceTest"/>
      </group> <!-- sanity -->
    </groups>
    <test started-at="2021-06-11T11:41:13 IST" name="Test" finished-at="2021-06-11T11:41:56 IST" duration-ms="42866">
      <class name="com.learn.tests.SauceTest">
        <test-method is-config="true" signature="setUp()[pri:0, instance:com.learn.tests.SauceTest@19d481b]" started-at="2021-06-11T11:41:13 IST" name="setUp" finished-at="2021-06-11T11:41:23 IST" duration-ms="9731" status="PASS">
          <reporter-output>
          </reporter-output>
        </test-method> <!-- setUp -->
        <test-method is-config="true" signature="setUp()[pri:0, instance:com.learn.tests.SauceTest@19d481b]" started-at="2021-06-11T11:41:13 IST" name="setUp" finished-at="2021-06-11T11:41:23 IST" duration-ms="9382" status="PASS">
          <reporter-output>
          </reporter-output>
        </test-method> <!-- setUp -->
        <test-method is-config="true" signature="setUp()[pri:0, instance:com.learn.tests.SauceTest@19d481b]" started-at="2021-06-11T11:41:13 IST" name="setUp" finished-at="2021-06-11T11:41:22 IST" duration-ms="9272" status="PASS">
          <reporter-output>
          </reporter-output>
        </test-method> <!-- setUp -->
        <test-method signature="loginLogoutSaucePortal(java.lang.String, java.lang.String)[pri:0, instance:com.learn.tests.SauceTest@19d481b]" started-at="2021-06-11T11:41:22 IST" name="loginLogoutSaucePortal" data-provider="LoginDetails" finished-at="2021-06-11T11:41:24 IST" duration-ms="1919" status="PASS">
          <params>
            <param index="0">
              <value>
                <![CDATA[standard_user]]>
              </value>
            </param>
            <param index="1">
              <value>
                <![CDATA[secret_sauce]]>
              </value>
            </param>
          </params>
          <reporter-output>
          </reporter-output>
        </test-method> <!-- loginLogoutSaucePortal -->
        <test-method signature="loginLogoutSaucePortal(java.lang.String, java.lang.String)[pri:0, instance:com.learn.tests.SauceTest@19d481b]" started-at="2021-06-11T11:41:23 IST" name="loginLogoutSaucePortal" data-provider="LoginDetails" finished-at="2021-06-11T11:41:24 IST" duration-ms="1615" status="FAIL">
          <params>
            <param index="0">
              <value>
                <![CDATA[problem_user]]>
              </value>
            </param>
            <param index="1">
              <value>
                <![CDATA[sdfasfdas]]>
              </value>
            </param>
          </params>
          <exception class="org.openqa.selenium.NoSuchElementException">
            <message>
              <![CDATA[no such element: Unable to locate element: {"method":"xpath","selector":"//*[@id='shopping_cart_container']/a"}
  (Session info: chrome=91.0.4472.77)
For documentation on this error, please visit: https://www.seleniumhq.org/exceptions/no_such_element.html
Build info: version: '3.141.59', revision: 'e82be7d358', time: '2018-11-14T08:17:03'
System info: host: 'INBL01LAP04326', ip: '192.168.225.118', os.name: 'Windows 10', os.arch: 'amd64', os.version: '10.0', java.version: '15.0.2'
Driver info: org.openqa.selenium.chrome.ChromeDriver
Capabilities {acceptInsecureCerts: false, browserName: chrome, browserVersion: 91.0.4472.77, chrome: {chromedriverVersion: 91.0.4472.19 (1bf021f248676..., userDataDir: C:\Users\DILEEP~1.KUM\AppDa...}, goog:chromeOptions: {debuggerAddress: localhost:51729}, javascriptEnabled: true, networkConnectionEnabled: false, pageLoadStrategy: normal, platform: WINDOWS, platformName: WINDOWS, proxy: Proxy(), setWindowRect: true, strictFileInteractability: false, timeouts: {implicit: 0, pageLoad: 300000, script: 30000}, unhandledPromptBehavior: dismiss and notify, webauthn:extension:largeBlob: true, webauthn:virtualAuthenticators: true}
Session ID: 43544db3070c73df9a64ebdc2fc3fe3c
*** Element info: {Using=xpath, value=//*[@id='shopping_cart_container']/a}]]>
            </message>
            <full-stacktrace>
              <![CDATA[org.openqa.selenium.NoSuchElementException: no such element: Unable to locate element: {"method":"xpath","selector":"//*[@id='shopping_cart_container']/a"}
  (Session info: chrome=91.0.4472.77)
For documentation on this error, please visit: https://www.seleniumhq.org/exceptions/no_such_element.html
Build info: version: '3.141.59', revision: 'e82be7d358', time: '2018-11-14T08:17:03'
System info: host: 'INBL01LAP04326', ip: '192.168.225.118', os.name: 'Windows 10', os.arch: 'amd64', os.version: '10.0', java.version: '15.0.2'
Driver info: org.openqa.selenium.chrome.ChromeDriver
Capabilities {acceptInsecureCerts: false, browserName: chrome, browserVersion: 91.0.4472.77, chrome: {chromedriverVersion: 91.0.4472.19 (1bf021f248676..., userDataDir: C:\Users\DILEEP~1.KUM\AppDa...}, goog:chromeOptions: {debuggerAddress: localhost:51729}, javascriptEnabled: true, networkConnectionEnabled: false, pageLoadStrategy: normal, platform: WINDOWS, platformName: WINDOWS, proxy: Proxy(), setWindowRect: true, strictFileInteractability: false, timeouts: {implicit: 0, pageLoad: 300000, script: 30000}, unhandledPromptBehavior: dismiss and notify, webauthn:extension:largeBlob: true, webauthn:virtualAuthenticators: true}
Session ID: 43544db3070c73df9a64ebdc2fc3fe3c
*** Element info: {Using=xpath, value=//*[@id='shopping_cart_container']/a}
at java.base/jdk.internal.reflect.NativeConstructorAccessorImpl.newInstance0(Native Method)
at java.base/jdk.internal.reflect.NativeConstructorAccessorImpl.newInstance(NativeConstructorAccessorImpl.java:64)
at java.base/jdk.internal.reflect.DelegatingConstructorAccessorImpl.newInstance(DelegatingConstructorAccessorImpl.java:45)
at java.base/java.lang.reflect.Constructor.newInstanceWithCaller(Constructor.java:500)
at java.base/java.lang.reflect.Constructor.newInstance(Constructor.java:481)
at org.openqa.selenium.remote.http.W3CHttpResponseCodec.createException(W3CHttpResponseCodec.java:187)
at org.openqa.selenium.remote.http.W3CHttpResponseCodec.decode(W3CHttpResponseCodec.java:122)
at org.openqa.selenium.remote.http.W3CHttpResponseCodec.decode(W3CHttpResponseCodec.java:49)
at org.openqa.selenium.remote.HttpCommandExecutor.execute(HttpCommandExecutor.java:158)
at org.openqa.selenium.remote.service.DriverCommandExecutor.execute(DriverCommandExecutor.java:83)
at org.openqa.selenium.remote.RemoteWebDriver.execute(RemoteWebDriver.java:552)
at org.openqa.selenium.remote.RemoteWebDriver.findElement(RemoteWebDriver.java:323)
at org.openqa.selenium.remote.RemoteWebDriver.findElementByXPath(RemoteWebDriver.java:428)
at org.openqa.selenium.By$ByXPath.findElement(By.java:353)
at org.openqa.selenium.remote.RemoteWebDriver.findElement(RemoteWebDriver.java:315)
at com.learn.pages.SauceHomePage.getcart(SauceHomePage.java:14)
at com.learn.tests.SauceTest.loginLogoutSaucePortal(SauceTest.java:21)
at java.base/jdk.internal.reflect.NativeMethodAccessorImpl.invoke0(Native Method)
at java.base/jdk.internal.reflect.NativeMethodAccessorImpl.invoke(NativeMethodAccessorImpl.java:64)
at java.base/jdk.internal.reflect.DelegatingMethodAccessorImpl.invoke(DelegatingMethodAccessorImpl.java:43)
at java.base/java.lang.reflect.Method.invoke(Method.java:564)
at org.testng.internal.MethodInvocationHelper.invokeMethod(MethodInvocationHelper.java:132)
at org.testng.internal.TestInvoker.invokeMethod(TestInvoker.java:599)
at org.testng.internal.TestInvoker.invokeTestMethod(TestInvoker.java:174)
at org.testng.internal.TestMethodWithDataProviderMethodWorker.call(TestMethodWithDataProviderMethodWorker.java:77)
at org.testng.internal.TestMethodWithDataProviderMethodWorker.call(TestMethodWithDataProviderMethodWorker.java:15)
at java.base/java.util.concurrent.FutureTask.run(FutureTask.java:264)
at java.base/java.util.concurrent.Executors$RunnableAdapter.call(Executors.java:515)
at java.base/java.util.concurrent.FutureTask.run(FutureTask.java:264)
at java.base/java.util.concurrent.ThreadPoolExecutor.runWorker(ThreadPoolExecutor.java:1130)
at java.base/java.util.concurrent.ThreadPoolExecutor$Worker.run(ThreadPoolExecutor.java:630)
at java.base/java.lang.Thread.run(Thread.java:832)
]]>
            </full-stacktrace>
          </exception> <!-- org.openqa.selenium.NoSuchElementException -->
          <reporter-output>
          </reporter-output>
        </test-method> <!-- loginLogoutSaucePortal -->
        <test-method signature="loginLogoutSaucePortal(java.lang.String, java.lang.String)[pri:0, instance:com.learn.tests.SauceTest@19d481b]" started-at="2021-06-11T11:41:23 IST" name="loginLogoutSaucePortal" data-provider="LoginDetails" finished-at="2021-06-11T11:41:29 IST" duration-ms="6480" status="PASS">
          <params>
            <param index="0">
              <value>
                <![CDATA[performance_glitch_user]]>
              </value>
            </param>
            <param index="1">
              <value>
                <![CDATA[secret_sauce]]>
              </value>
            </param>
          </params>
          <reporter-output>
          </reporter-output>
        </test-method> <!-- loginLogoutSaucePortal -->
        <test-method is-config="true" signature="tearDown()[pri:0, instance:com.learn.tests.SauceTest@19d481b]" started-at="2021-06-11T11:41:24 IST" name="tearDown" finished-at="2021-06-11T11:41:26 IST" duration-ms="1914" status="PASS">
          <reporter-output>
          </reporter-output>
        </test-method> <!-- tearDown -->
        <test-method is-config="true" signature="tearDown()[pri:0, instance:com.learn.tests.SauceTest@19d481b]" started-at="2021-06-11T11:41:24 IST" name="tearDown" finished-at="2021-06-11T11:41:26 IST" duration-ms="1701" status="PASS">
          <reporter-output>
          </reporter-output>
        </test-method> <!-- tearDown -->
        <test-method is-config="true" signature="tearDown()[pri:0, instance:com.learn.tests.SauceTest@19d481b]" started-at="2021-06-11T11:41:29 IST" name="tearDown" finished-at="2021-06-11T11:41:31 IST" duration-ms="1954" status="PASS">
          <reporter-output>
          </reporter-output>
        </test-method> <!-- tearDown -->
        <test-method is-config="true" signature="setUp()[pri:0, instance:com.learn.tests.SauceTest@19d481b]" started-at="2021-06-11T11:41:31 IST" name="setUp" finished-at="2021-06-11T11:41:37 IST" duration-ms="6183" status="PASS">
          <reporter-output>
          </reporter-output>
        </test-method> <!-- setUp -->
        <test-method signature="test3()[pri:0, instance:com.learn.tests.SauceTest@19d481b]" started-at="2021-06-11T11:41:37 IST" name="test3" finished-at="2021-06-11T11:41:38 IST" duration-ms="718" status="PASS">
          <reporter-output>
          </reporter-output>
        </test-method> <!-- test3 -->
        <test-method is-config="true" signature="tearDown()[pri:0, instance:com.learn.tests.SauceTest@19d481b]" started-at="2021-06-11T11:41:38 IST" name="tearDown" finished-at="2021-06-11T11:41:40 IST" duration-ms="1755" status="PASS">
          <reporter-output>
          </reporter-output>
        </test-method> <!-- tearDown -->
        <test-method is-config="true" signature="setUp()[pri:0, instance:com.learn.tests.SauceTest@19d481b]" started-at="2021-06-11T11:41:40 IST" name="setUp" finished-at="2021-06-11T11:41:46 IST" duration-ms="6131" status="PASS">
          <reporter-output>
          </reporter-output>
        </test-method> <!-- setUp -->
        <test-method signature="test4()[pri:0, instance:com.learn.tests.SauceTest@19d481b]" started-at="2021-06-11T11:41:46 IST" name="test4" finished-at="2021-06-11T11:41:46 IST" duration-ms="3" status="PASS">
          <reporter-output>
          </reporter-output>
        </test-method> <!-- test4 -->
        <test-method is-config="true" signature="tearDown()[pri:0, instance:com.learn.tests.SauceTest@19d481b]" started-at="2021-06-11T11:41:46 IST" name="tearDown" finished-at="2021-06-11T11:41:47 IST" duration-ms="1282" status="PASS">
          <reporter-output>
          </reporter-output>
        </test-method> <!-- tearDown -->
        <test-method is-config="true" signature="setUp()[pri:0, instance:com.learn.tests.SauceTest@19d481b]" started-at="2021-06-11T11:41:47 IST" name="setUp" finished-at="2021-06-11T11:41:55 IST" duration-ms="7321" status="PASS">
          <reporter-output>
          </reporter-output>
        </test-method> <!-- setUp -->
        <test-method signature="test5()[pri:0, instance:com.learn.tests.SauceTest@19d481b]" started-at="2021-06-11T11:41:55 IST" name="test5" finished-at="2021-06-11T11:41:55 IST" duration-ms="2" status="PASS">
          <reporter-output>
          </reporter-output>
        </test-method> <!-- test5 -->
        <test-method is-config="true" signature="tearDown()[pri:0, instance:com.learn.tests.SauceTest@19d481b]" started-at="2021-06-11T11:41:55 IST" name="tearDown" finished-at="2021-06-11T11:41:56 IST" duration-ms="1250" status="PASS">
          <reporter-output>
          </reporter-output>
        </test-method> <!-- tearDown -->
      </class> <!-- com.learn.tests.SauceTest -->
    </test> <!-- Test -->
  </suite> <!-- Suite -->
</testng-results>
